<?xml version="1.0" encoding="UTF-8"?>
<testng-results skipped="0" failed="0" total="1" passed="1">
  <reporter-output>
  </reporter-output>
  <suite name="Suite" duration-ms="6327" started-at="2020-07-19T07:27:15Z" finished-at="2020-07-19T07:27:21Z">
    <groups>
    </groups>
    <test name="Test" duration-ms="6327" started-at="2020-07-19T07:27:15Z" finished-at="2020-07-19T07:27:21Z">
      <class name="S3Aws.S3Aws.RWD">
        <test-method status="PASS" signature="testingRemote()[pri:0, instance:S3Aws.S3Aws.RWD@2812cbfa]" name="testingRemote" duration-ms="6321" started-at="2020-07-19T12:57:15Z" finished-at="2020-07-19T12:57:21Z">
          <reporter-output>
          </reporter-output>
        </test-method> <!-- testingRemote -->
      </class> <!-- S3Aws.S3Aws.RWD -->
    </test> <!-- Test -->
  </suite> <!-- Suite -->
</testng-results>
