<?xml version="1.0" encoding="UTF-8"?>
<testng-results skipped="0" failed="0" total="1" passed="1">
  <reporter-output>
  </reporter-output>
  <suite name="Default suite" duration-ms="4652" started-at="2020-07-19T09:07:32Z" finished-at="2020-07-19T09:07:37Z">
    <groups>
    </groups>
    <test name="Default test" duration-ms="4652" started-at="2020-07-19T09:07:32Z" finished-at="2020-07-19T09:07:37Z">
      <class name="S3Aws.S3Aws.RWD">
        <test-method status="PASS" signature="testingRemote()[pri:0, instance:S3Aws.S3Aws.RWD@457e2f02]" name="testingRemote" duration-ms="4652" started-at="2020-07-19T14:37:32Z" finished-at="2020-07-19T14:37:37Z">
          <reporter-output>
          </reporter-output>
        </test-method> <!-- testingRemote -->
      </class> <!-- S3Aws.S3Aws.RWD -->
    </test> <!-- Default test -->
  </suite> <!-- Default suite -->
</testng-results>
