<?xml version="1.0" encoding="UTF-8"?>
<testng-results skipped="0" failed="0" total="1" passed="1">
  <reporter-output>
  </reporter-output>
  <suite name="Default suite" duration-ms="10420" started-at="2020-07-19T07:18:04Z" finished-at="2020-07-19T07:18:15Z">
    <groups>
    </groups>
    <test name="Default test" duration-ms="10420" started-at="2020-07-19T07:18:04Z" finished-at="2020-07-19T07:18:15Z">
      <class name="S3Aws.S3Aws.RWD">
        <test-method status="PASS" signature="testingRemote()[pri:0, instance:S3Aws.S3Aws.RWD@1593948d]" name="testingRemote" duration-ms="10405" started-at="2020-07-19T12:48:04Z" finished-at="2020-07-19T12:48:15Z">
          <reporter-output>
          </reporter-output>
        </test-method> <!-- testingRemote -->
      </class> <!-- S3Aws.S3Aws.RWD -->
    </test> <!-- Default test -->
  </suite> <!-- Default suite -->
</testng-results>
